{"C:\\Users\\iamas\\Desktop\\Real-Time-Chat-Application\\utils\\messages.js": {"path":"C:\\Users\\iamas\\Desktop\\Real-Time-Chat-Application\\utils\\messages.js","statementMap":{"0":{"start":{"line":2,"column":15},"end":{"line":2,"column":41}},"1":{"start":{"line":5,"column":3},"end":{"line":10,"column":5}},"2":{"start":{"line":13,"column":0},"end":{"line":13,"column":31}}},"fnMap":{"0":{"name":"formatMessage","decl":{"start":{"line":4,"column":9},"end":{"line":4,"column":22}},"loc":{"start":{"line":4,"column":39},"end":{"line":11,"column":1}},"line":4}},"branchMap":{},"s":{"0":1,"1":1,"2":1},"f":{"0":1},"b":{},"_coverageSchema":"1a1c01bbd47fc00a2c39e90264f33305004495a9","hash":"0f15d83afee0dd7864de64c270fb7b16991ea856"}
}
